Compilación iniciada a las 05/02/2017 11:42:42.
     1>Proyecto "C:\Users\Pablo\Desktop\Master\G3D\P5_G3D\P3GLSL\P3GLSL.vcxproj" en el nodo 2 (Build destinos).
     1>ClCompile:
         C:\Program Files (x86)\Microsoft Visual Studio 12.0\VC\bin\CL.exe /c /I..\libs\include /ZI /nologo /W3 /WX- /Od /Oy- /D WIN32 /D _DEBUG /D _CONSOLE /D _MBCS /Gm /EHsc /RTC1 /MDd /GS /fp:precise /Zc:wchar_t /Zc:forScope /Fo"Debug\\" /Fd"Debug\vc120.pdb" /Gd /TP /analyze- /errorReport:prompt scr\GLSLProgram.cpp scr\Mesh.cpp scr\Scene.cpp scr\main.cpp
         Mesh.cpp
     1>c:\users\pablo\desktop\master\g3d\p5_g3d\p3glsl\scr\camera.h(25): warning C4305: 'inicializando' : truncamiento de 'double' a 'float'
         GLM: rotate function taking degrees as a parameter is deprecated. #define GLM_FORCE_RADIANS before including GLM headers to remove this message.
         GLSLProgram.cpp
     1>c:\users\pablo\desktop\master\g3d\p5_g3d\p3glsl\scr\camera.h(25): warning C4305: 'inicializando' : truncamiento de 'double' a 'float'
         Generando código...
         Compilando...
         main.cpp
     1>c:\users\pablo\desktop\master\g3d\p5_g3d\p3glsl\scr\camera.h(25): warning C4305: 'inicializando' : truncamiento de 'double' a 'float'
     1>c:\users\pablo\desktop\master\g3d\p5_g3d\p3glsl\scr\main.cpp(158): warning C4244: 'argumento' : conversión de 'int' a 'float'; posible pérdida de datos
         Scene.cpp
     1>c:\users\pablo\desktop\master\g3d\p5_g3d\p3glsl\scr\camera.h(25): warning C4305: 'inicializando' : truncamiento de 'double' a 'float'
     1>c:\users\pablo\desktop\master\g3d\p5_g3d\p3glsl\scr\scene.cpp(10): warning C4018: '<' : no coinciden signed/unsigned
     1>c:\users\pablo\desktop\master\g3d\p5_g3d\p3glsl\scr\scene.cpp(17): warning C4018: '<' : no coinciden signed/unsigned
     1>c:\users\pablo\desktop\master\g3d\p5_g3d\p3glsl\scr\scene.cpp(24): warning C4018: '<' : no coinciden signed/unsigned
     1>c:\users\pablo\desktop\master\g3d\p5_g3d\p3glsl\scr\scene.cpp(38): warning C4018: '<' : no coinciden signed/unsigned
         Generando código...
       Link:
         C:\Program Files (x86)\Microsoft Visual Studio 12.0\VC\bin\link.exe /ERRORREPORT:PROMPT /OUT:"C:\Users\Pablo\Desktop\Master\G3D\P5_G3D\P3GLSL\Debug\P3GLSL.exe" /INCREMENTAL /NOLOGO /LIBPATH:..\libs\lib FreeImage.lib opengl32.lib freeglut.lib glew32.lib "assimp-vc120-mt.lib" kernel32.lib user32.lib gdi32.lib winspool.lib comdlg32.lib advapi32.lib shell32.lib ole32.lib oleaut32.lib uuid.lib odbc32.lib odbccp32.lib /MANIFEST /MANIFESTUAC:"level='asInvoker' uiAccess='false'" /manifest:embed /DEBUG /PDB:"C:\Users\Pablo\Desktop\Master\G3D\P5_G3D\P3GLSL\Debug\P3GLSL.pdb" /SUBSYSTEM:CONSOLE /TLBID:1 /DYNAMICBASE /NXCOMPAT /IMPLIB:"C:\Users\Pablo\Desktop\Master\G3D\P5_G3D\P3GLSL\Debug\P3GLSL.lib" /MACHINE:X86 /SAFESEH Debug\auxiliar.obj
         Debug\Camera.obj
         Debug\GLSLProgram.obj
         Debug\Light.obj
         Debug\main.obj
         Debug\Mesh.obj
         Debug\Scene.obj
         Debug\Texture.obj
         P3GLSL.vcxproj -> C:\Users\Pablo\Desktop\Master\G3D\P5_G3D\P3GLSL\Debug\P3GLSL.exe
     1>Compilación del proyecto terminada "C:\Users\Pablo\Desktop\Master\G3D\P5_G3D\P3GLSL\P3GLSL.vcxproj" (Build destinos).

Compilación correcta.

Tiempo transcurrido 00:00:03.06
