c:\users\pablo\desktop\master\g3d\p5_g3d\p3glsl\debug\vc120.pdb
c:\users\pablo\desktop\master\g3d\p5_g3d\p3glsl\debug\vc120.idb
c:\users\pablo\desktop\master\g3d\p5_g3d\p3glsl\debug\auxiliar.obj
c:\users\pablo\desktop\master\g3d\p5_g3d\p3glsl\debug\camera.obj
c:\users\pablo\desktop\master\g3d\p5_g3d\p3glsl\debug\glslprogram.obj
c:\users\pablo\desktop\master\g3d\p5_g3d\p3glsl\debug\light.obj
c:\users\pablo\desktop\master\g3d\p5_g3d\p3glsl\debug\main.obj
c:\users\pablo\desktop\master\g3d\p5_g3d\p3glsl\debug\mesh.obj
c:\users\pablo\desktop\master\g3d\p5_g3d\p3glsl\debug\scene.obj
c:\users\pablo\desktop\master\g3d\p5_g3d\p3glsl\debug\texture.obj
c:\users\pablo\desktop\master\g3d\p5_g3d\p3glsl\debug\p3glsl.pdb
c:\users\pablo\desktop\master\g3d\p5_g3d\p3glsl\debug\p3glsl.tlog\cl.command.1.tlog
c:\users\pablo\desktop\master\g3d\p5_g3d\p3glsl\debug\p3glsl.tlog\cl.read.1.tlog
c:\users\pablo\desktop\master\g3d\p5_g3d\p3glsl\debug\p3glsl.tlog\cl.write.1.tlog
c:\users\pablo\desktop\master\g3d\p5_g3d\p3glsl\debug\p3glsl.tlog\link-cvtres.read.1.tlog
c:\users\pablo\desktop\master\g3d\p5_g3d\p3glsl\debug\p3glsl.tlog\link-cvtres.write.1.tlog
c:\users\pablo\desktop\master\g3d\p5_g3d\p3glsl\debug\p3glsl.tlog\link-rc.read.1.tlog
c:\users\pablo\desktop\master\g3d\p5_g3d\p3glsl\debug\p3glsl.tlog\link-rc.write.1.tlog
c:\users\pablo\desktop\master\g3d\p5_g3d\p3glsl\debug\p3glsl.tlog\link.command.1.tlog
c:\users\pablo\desktop\master\g3d\p5_g3d\p3glsl\debug\p3glsl.tlog\link.read.1.tlog
c:\users\pablo\desktop\master\g3d\p5_g3d\p3glsl\debug\p3glsl.tlog\link.write.1.tlog
