Compilación iniciada a las 30/01/2017 21:44:34.
     1>Proyecto "C:\Users\Pablo\Desktop\Master\G3D\P5_G3D\P3GLSL\P3GLSL.vcxproj" en el nodo 2 (Build destinos).
     1>ClCompile:
         C:\Program Files (x86)\Microsoft Visual Studio 12.0\VC\bin\CL.exe /c /I..\libs\include\ /Zi /nologo /W3 /WX- /O2 /Oi /Oy- /GL /D WIN32 /D NDEBUG /D _CONSOLE /D _UNICODE /D UNICODE /Gm- /EHsc /MD /GS /Gy /fp:precise /Zc:wchar_t /Zc:forScope /Fo"Release\\" /Fd"Release\vc120.pdb" /Gd /TP /analyze- /errorReport:prompt scr\auxiliar.cpp scr\Camera.cpp scr\GLSLProgram.cpp scr\Light.cpp scr\main.cpp scr\Mesh.cpp scr\Scene.cpp scr\Texture.cpp
         auxiliar.cpp
         Camera.cpp
     1>c:\users\pablo\desktop\master\g3d\p5_g3d\p3glsl\scr\Camera.h(25): warning C4305: 'inicializando' : truncamiento de 'double' a 'float'
         GLSLProgram.cpp
     1>c:\users\pablo\desktop\master\g3d\p5_g3d\p3glsl\scr\Camera.h(25): warning C4305: 'inicializando' : truncamiento de 'double' a 'float'
     1>scr\GLSLProgram.cpp(175): warning C4018: '<' : no coinciden signed/unsigned
         Light.cpp
     1>c:\users\pablo\desktop\master\g3d\p5_g3d\p3glsl\scr\Camera.h(25): warning C4305: 'inicializando' : truncamiento de 'double' a 'float'
     1>scr\Light.cpp(38): warning C4305: '+=' : truncamiento de 'double' a 'float'
     1>scr\Light.cpp(41): warning C4305: '-=' : truncamiento de 'double' a 'float'
         main.cpp
     1>c:\users\pablo\desktop\master\g3d\p5_g3d\p3glsl\scr\Camera.h(25): warning C4305: 'inicializando' : truncamiento de 'double' a 'float'
     1>scr\main.cpp(166): warning C4244: 'argumento' : conversión de 'int' a 'float'; posible pérdida de datos
         Mesh.cpp
     1>c:\users\pablo\desktop\master\g3d\p5_g3d\p3glsl\scr\Camera.h(25): warning C4305: 'inicializando' : truncamiento de 'double' a 'float'
         GLM: rotate function taking degrees as a parameter is deprecated. #define GLM_FORCE_RADIANS before including GLM headers to remove this message.
         Scene.cpp
     1>c:\users\pablo\desktop\master\g3d\p5_g3d\p3glsl\scr\Camera.h(25): warning C4305: 'inicializando' : truncamiento de 'double' a 'float'
     1>scr\Scene.cpp(10): warning C4018: '<' : no coinciden signed/unsigned
     1>scr\Scene.cpp(17): warning C4018: '<' : no coinciden signed/unsigned
     1>scr\Scene.cpp(24): warning C4018: '<' : no coinciden signed/unsigned
     1>scr\Scene.cpp(38): warning C4018: '<' : no coinciden signed/unsigned
         Texture.cpp
       Link:
         C:\Program Files (x86)\Microsoft Visual Studio 12.0\VC\bin\link.exe /ERRORREPORT:PROMPT /OUT:"C:\Users\Pablo\Desktop\Master\G3D\P5_G3D\P3GLSL\Release\P3GLSL.exe" /INCREMENTAL:NO /NOLOGO /LIBPATH:..\libs\lib FreeImage.lib freeglut.lib glew32.lib opengl32.lib kernel32.lib user32.lib gdi32.lib winspool.lib comdlg32.lib advapi32.lib shell32.lib ole32.lib oleaut32.lib uuid.lib odbc32.lib odbccp32.lib /MANIFEST /MANIFESTUAC:"level='asInvoker' uiAccess='false'" /manifest:embed /DEBUG /PDB:"C:\Users\Pablo\Desktop\Master\G3D\P5_G3D\P3GLSL\Release\P3GLSL.pdb" /SUBSYSTEM:CONSOLE /OPT:REF /OPT:ICF /LTCG /TLBID:1 /DYNAMICBASE /NXCOMPAT /IMPLIB:"C:\Users\Pablo\Desktop\Master\G3D\P5_G3D\P3GLSL\Release\P3GLSL.lib" /MACHINE:X86 /SAFESEH Release\auxiliar.obj
         Release\Camera.obj
         Release\GLSLProgram.obj
         Release\Light.obj
         Release\main.obj
         Release\Mesh.obj
         Release\Scene.obj
         Release\Texture.obj
     1>Mesh.obj : error LNK2001: símbolo externo "public: __thiscall Assimp::Importer::~Importer(void)" (??1Importer@Assimp@@QAE@XZ) sin resolver
     1>Mesh.obj : error LNK2001: símbolo externo "public: __thiscall Assimp::Importer::Importer(void)" (??0Importer@Assimp@@QAE@XZ) sin resolver
     1>C:\Users\Pablo\Desktop\Master\G3D\P5_G3D\P3GLSL\Release\P3GLSL.exe : fatal error LNK1120: 2 externos sin resolver
     1>Compilación del proyecto terminada "C:\Users\Pablo\Desktop\Master\G3D\P5_G3D\P3GLSL\P3GLSL.vcxproj" (Build destinos) -- ERROR.

ERROR al compilar.

Tiempo transcurrido 00:00:35.25
